{"C:\\Users\\apoor\\crypto-pulse\\crypto-backend\\config\\db.js": {"path":"C:\\Users\\apoor\\crypto-pulse\\crypto-backend\\config\\db.js","statementMap":{"0":{"start":{"line":1,"column":17},"end":{"line":1,"column":36}},"1":{"start":{"line":4,"column":2},"end":{"line":10,"column":3}},"2":{"start":{"line":5,"column":4},"end":{"line":5,"column":50}},"3":{"start":{"line":6,"column":4},"end":{"line":6,"column":39}},"4":{"start":{"line":8,"column":4},"end":{"line":8,"column":63}},"5":{"start":{"line":9,"column":4},"end":{"line":9,"column":20}},"6":{"start":{"line":13,"column":0},"end":{"line":13,"column":27}}},"fnMap":{"0":{"name":"connectDB","decl":{"start":{"line":3,"column":15},"end":{"line":3,"column":24}},"loc":{"start":{"line":3,"column":27},"end":{"line":11,"column":1}},"line":3}},"branchMap":{},"s":{"0":1,"1":2,"2":2,"3":1,"4":1,"5":1,"6":1},"f":{"0":2},"b":{},"_coverageSchema":"1a1c01bbd47fc00a2c39e90264f33305004495a9","hash":"e0c2ed6c87d4a8db458aea0981b04825848c9985"}
,"C:\\Users\\apoor\\crypto-pulse\\crypto-backend\\config\\firebaseAdmin.js": {"path":"C:\\Users\\apoor\\crypto-pulse\\crypto-backend\\config\\firebaseAdmin.js","statementMap":{"0":{"start":{"line":1,"column":14},"end":{"line":1,"column":39}},"1":{"start":{"line":2,"column":13},"end":{"line":2,"column":28}},"2":{"start":{"line":4,"column":23},"end":{"line":7,"column":2}},"3":{"start":{"line":9,"column":0},"end":{"line":13,"column":1}},"4":{"start":{"line":10,"column":2},"end":{"line":12,"column":5}},"5":{"start":{"line":15,"column":0},"end":{"line":15,"column":23}}},"fnMap":{},"branchMap":{"0":{"loc":{"start":{"line":9,"column":0},"end":{"line":13,"column":1}},"type":"if","locations":[{"start":{"line":9,"column":0},"end":{"line":13,"column":1}},{"start":{},"end":{}}],"line":9}},"s":{"0":0,"1":0,"2":0,"3":0,"4":0,"5":0},"f":{},"b":{"0":[0,0]}}
,"C:\\Users\\apoor\\crypto-pulse\\crypto-backend\\middleware\\authMiddleware.js": {"path":"C:\\Users\\apoor\\crypto-pulse\\crypto-backend\\middleware\\authMiddleware.js","statementMap":{"0":{"start":{"line":1,"column":18},"end":{"line":1,"column":52}},"1":{"start":{"line":2,"column":14},"end":{"line":2,"column":48}},"2":{"start":{"line":5,"column":23},"end":{"line":5,"column":48}},"3":{"start":{"line":7,"column":4},"end":{"line":9,"column":5}},"4":{"start":{"line":8,"column":8},"end":{"line":8,"column":63}},"5":{"start":{"line":11,"column":18},"end":{"line":11,"column":42}},"6":{"start":{"line":13,"column":4},"end":{"line":30,"column":5}},"7":{"start":{"line":14,"column":29},"end":{"line":14,"column":68}},"8":{"start":{"line":15,"column":8},"end":{"line":15,"column":32}},"9":{"start":{"line":17,"column":34},"end":{"line":17,"column":84}},"10":{"start":{"line":19,"column":8},"end":{"line":24,"column":9}},"11":{"start":{"line":20,"column":12},"end":{"line":23,"column":15}},"12":{"start":{"line":26,"column":8},"end":{"line":26,"column":15}},"13":{"start":{"line":29,"column":8},"end":{"line":29,"column":75}},"14":{"start":{"line":33,"column":0},"end":{"line":33,"column":32}}},"fnMap":{"0":{"name":"authMiddleware","decl":{"start":{"line":4,"column":15},"end":{"line":4,"column":29}},"loc":{"start":{"line":4,"column":46},"end":{"line":31,"column":1}},"line":4}},"branchMap":{"0":{"loc":{"start":{"line":7,"column":4},"end":{"line":9,"column":5}},"type":"if","locations":[{"start":{"line":7,"column":4},"end":{"line":9,"column":5}},{"start":{},"end":{}}],"line":7},"1":{"loc":{"start":{"line":7,"column":8},"end":{"line":7,"column":56}},"type":"binary-expr","locations":[{"start":{"line":7,"column":8},"end":{"line":7,"column":19}},{"start":{"line":7,"column":23},"end":{"line":7,"column":56}}],"line":7},"2":{"loc":{"start":{"line":19,"column":8},"end":{"line":24,"column":9}},"type":"if","locations":[{"start":{"line":19,"column":8},"end":{"line":24,"column":9}},{"start":{},"end":{}}],"line":19}},"s":{"0":1,"1":1,"2":5,"3":5,"4":2,"5":3,"6":3,"7":3,"8":2,"9":2,"10":2,"11":1,"12":2,"13":1,"14":1},"f":{"0":5},"b":{"0":[2,3],"1":[5,4],"2":[1,1]},"_coverageSchema":"1a1c01bbd47fc00a2c39e90264f33305004495a9","hash":"bb852ac658e97c367fd5304617edcc248d8a34cb"}
,"C:\\Users\\apoor\\crypto-pulse\\crypto-backend\\src\\app.js": {"path":"C:\\Users\\apoor\\crypto-pulse\\crypto-backend\\src\\app.js","statementMap":{"0":{"start":{"line":1,"column":0},"end":{"line":1,"column":27}},"1":{"start":{"line":2,"column":24},"end":{"line":2,"column":53}},"2":{"start":{"line":4,"column":16},"end":{"line":4,"column":34}},"3":{"start":{"line":5,"column":13},"end":{"line":5,"column":28}},"4":{"start":{"line":7,"column":20},"end":{"line":7,"column":45}},"5":{"start":{"line":8,"column":19},"end":{"line":8,"column":43}},"6":{"start":{"line":9,"column":20},"end":{"line":9,"column":45}},"7":{"start":{"line":11,"column":12},"end":{"line":11,"column":21}},"8":{"start":{"line":13,"column":0},"end":{"line":13,"column":16}},"9":{"start":{"line":14,"column":0},"end":{"line":14,"column":24}},"10":{"start":{"line":16,"column":0},"end":{"line":16,"column":35}},"11":{"start":{"line":17,"column":0},"end":{"line":17,"column":33}},"12":{"start":{"line":18,"column":0},"end":{"line":18,"column":35}},"13":{"start":{"line":20,"column":0},"end":{"line":22,"column":3}},"14":{"start":{"line":21,"column":4},"end":{"line":21,"column":39}},"15":{"start":{"line":24,"column":0},"end":{"line":24,"column":43}},"16":{"start":{"line":26,"column":0},"end":{"line":26,"column":21}}},"fnMap":{"0":{"name":"(anonymous_0)","decl":{"start":{"line":20,"column":13},"end":{"line":20,"column":14}},"loc":{"start":{"line":20,"column":27},"end":{"line":22,"column":1}},"line":20}},"branchMap":{},"s":{"0":1,"1":1,"2":1,"3":1,"4":1,"5":1,"6":1,"7":1,"8":1,"9":1,"10":1,"11":1,"12":1,"13":1,"14":1,"15":1,"16":1},"f":{"0":1},"b":{},"_coverageSchema":"1a1c01bbd47fc00a2c39e90264f33305004495a9","hash":"347f880eceffc2c835116cea3a2b03715c3e6cfb"}
,"C:\\Users\\apoor\\crypto-pulse\\crypto-backend\\src\\index.js": {"path":"C:\\Users\\apoor\\crypto-pulse\\crypto-backend\\src\\index.js","statementMap":{"0":{"start":{"line":1,"column":12},"end":{"line":1,"column":28}},"1":{"start":{"line":2,"column":18},"end":{"line":2,"column":41}},"2":{"start":{"line":4,"column":13},"end":{"line":4,"column":37}},"3":{"start":{"line":6,"column":0},"end":{"line":6,"column":12}},"4":{"start":{"line":8,"column":0},"end":{"line":10,"column":3}},"5":{"start":{"line":9,"column":2},"end":{"line":9,"column":48}}},"fnMap":{"0":{"name":"(anonymous_0)","decl":{"start":{"line":8,"column":17},"end":{"line":8,"column":18}},"loc":{"start":{"line":8,"column":23},"end":{"line":10,"column":1}},"line":8}},"branchMap":{"0":{"loc":{"start":{"line":4,"column":13},"end":{"line":4,"column":37}},"type":"binary-expr","locations":[{"start":{"line":4,"column":13},"end":{"line":4,"column":29}},{"start":{"line":4,"column":33},"end":{"line":4,"column":37}}],"line":4}},"s":{"0":0,"1":0,"2":0,"3":0,"4":0,"5":0},"f":{"0":0},"b":{"0":[0,0]}}
,"C:\\Users\\apoor\\crypto-pulse\\crypto-backend\\src\\models\\Portfolio.js": {"path":"C:\\Users\\apoor\\crypto-pulse\\crypto-backend\\src\\models\\Portfolio.js","statementMap":{"0":{"start":{"line":1,"column":17},"end":{"line":1,"column":36}},"1":{"start":{"line":3,"column":22},"end":{"line":11,"column":1}},"2":{"start":{"line":13,"column":24},"end":{"line":19,"column":1}},"3":{"start":{"line":21,"column":0},"end":{"line":21,"column":62}}},"fnMap":{},"branchMap":{},"s":{"0":3,"1":3,"2":3,"3":3},"f":{},"b":{},"_coverageSchema":"1a1c01bbd47fc00a2c39e90264f33305004495a9","hash":"b2a3fc1d692dcb3c464b0764e82e6c6e2c738450"}
,"C:\\Users\\apoor\\crypto-pulse\\crypto-backend\\src\\routes\\cache.js": {"path":"C:\\Users\\apoor\\crypto-pulse\\crypto-backend\\src\\routes\\cache.js","statementMap":{"0":{"start":{"line":1,"column":16},"end":{"line":1,"column":34}},"1":{"start":{"line":2,"column":60},"end":{"line":2,"column":95}},"2":{"start":{"line":3,"column":15},"end":{"line":3,"column":31}},"3":{"start":{"line":10,"column":0},"end":{"line":18,"column":3}},"4":{"start":{"line":11,"column":4},"end":{"line":17,"column":7}},"5":{"start":{"line":24,"column":0},"end":{"line":35,"column":3}},"6":{"start":{"line":25,"column":4},"end":{"line":27,"column":5}},"7":{"start":{"line":26,"column":8},"end":{"line":26,"column":88}},"8":{"start":{"line":29,"column":4},"end":{"line":29,"column":23}},"9":{"start":{"line":30,"column":4},"end":{"line":30,"column":22}},"10":{"start":{"line":31,"column":4},"end":{"line":31,"column":23}},"11":{"start":{"line":32,"column":4},"end":{"line":32,"column":25}},"12":{"start":{"line":34,"column":4},"end":{"line":34,"column":85}},"13":{"start":{"line":41,"column":0},"end":{"line":58,"column":3}},"14":{"start":{"line":42,"column":26},"end":{"line":42,"column":36}},"15":{"start":{"line":44,"column":21},"end":{"line":49,"column":5}},"16":{"start":{"line":51,"column":18},"end":{"line":51,"column":37}},"17":{"start":{"line":52,"column":4},"end":{"line":54,"column":5}},"18":{"start":{"line":53,"column":8},"end":{"line":53,"column":88}},"19":{"start":{"line":56,"column":4},"end":{"line":56,"column":18}},"20":{"start":{"line":57,"column":4},"end":{"line":57,"column":95}},"21":{"start":{"line":60,"column":0},"end":{"line":60,"column":24}}},"fnMap":{"0":{"name":"(anonymous_0)","decl":{"start":{"line":10,"column":21},"end":{"line":10,"column":22}},"loc":{"start":{"line":10,"column":35},"end":{"line":18,"column":1}},"line":10},"1":{"name":"(anonymous_1)","decl":{"start":{"line":24,"column":22},"end":{"line":24,"column":23}},"loc":{"start":{"line":24,"column":36},"end":{"line":35,"column":1}},"line":24},"2":{"name":"(anonymous_2)","decl":{"start":{"line":41,"column":33},"end":{"line":41,"column":34}},"loc":{"start":{"line":41,"column":47},"end":{"line":58,"column":1}},"line":41}},"branchMap":{"0":{"loc":{"start":{"line":25,"column":4},"end":{"line":27,"column":5}},"type":"if","locations":[{"start":{"line":25,"column":4},"end":{"line":27,"column":5}},{"start":{},"end":{}}],"line":25},"1":{"loc":{"start":{"line":52,"column":4},"end":{"line":54,"column":5}},"type":"if","locations":[{"start":{"line":52,"column":4},"end":{"line":54,"column":5}},{"start":{},"end":{}}],"line":52}},"s":{"0":1,"1":1,"2":1,"3":1,"4":0,"5":1,"6":0,"7":0,"8":0,"9":0,"10":0,"11":0,"12":0,"13":1,"14":0,"15":0,"16":0,"17":0,"18":0,"19":0,"20":0,"21":1},"f":{"0":0,"1":0,"2":0},"b":{"0":[0,0],"1":[0,0]},"_coverageSchema":"1a1c01bbd47fc00a2c39e90264f33305004495a9","hash":"fd6962a471599be048261eb012960dce42432a7c"}
,"C:\\Users\\apoor\\crypto-pulse\\crypto-backend\\src\\routes\\coins.js": {"path":"C:\\Users\\apoor\\crypto-pulse\\crypto-backend\\src\\routes\\coins.js","statementMap":{"0":{"start":{"line":1,"column":16},"end":{"line":1,"column":34}},"1":{"start":{"line":2,"column":14},"end":{"line":2,"column":30}},"2":{"start":{"line":3,"column":23},"end":{"line":3,"column":65}},"3":{"start":{"line":4,"column":35},"end":{"line":4,"column":70}},"4":{"start":{"line":6,"column":15},"end":{"line":6,"column":31}},"5":{"start":{"line":10,"column":0},"end":{"line":45,"column":3}},"6":{"start":{"line":11,"column":4},"end":{"line":44,"column":5}},"7":{"start":{"line":12,"column":25},"end":{"line":12,"column":39}},"8":{"start":{"line":13,"column":23},"end":{"line":13,"column":47}},"9":{"start":{"line":14,"column":8},"end":{"line":17,"column":9}},"10":{"start":{"line":15,"column":12},"end":{"line":15,"column":38}},"11":{"start":{"line":16,"column":12},"end":{"line":16,"column":36}},"12":{"start":{"line":19,"column":25},"end":{"line":34,"column":9}},"13":{"start":{"line":36,"column":8},"end":{"line":36,"column":59}},"14":{"start":{"line":37,"column":8},"end":{"line":37,"column":35}},"15":{"start":{"line":38,"column":8},"end":{"line":38,"column":32}},"16":{"start":{"line":40,"column":8},"end":{"line":43,"column":11}},"17":{"start":{"line":48,"column":0},"end":{"line":78,"column":3}},"18":{"start":{"line":49,"column":4},"end":{"line":77,"column":5}},"19":{"start":{"line":50,"column":23},"end":{"line":50,"column":33}},"20":{"start":{"line":51,"column":25},"end":{"line":51,"column":37}},"21":{"start":{"line":52,"column":23},"end":{"line":52,"column":47}},"22":{"start":{"line":53,"column":8},"end":{"line":56,"column":9}},"23":{"start":{"line":54,"column":12},"end":{"line":54,"column":38}},"24":{"start":{"line":55,"column":12},"end":{"line":55,"column":36}},"25":{"start":{"line":58,"column":25},"end":{"line":67,"column":9}},"26":{"start":{"line":69,"column":8},"end":{"line":69,"column":59}},"27":{"start":{"line":70,"column":8},"end":{"line":70,"column":35}},"28":{"start":{"line":71,"column":8},"end":{"line":71,"column":32}},"29":{"start":{"line":73,"column":8},"end":{"line":76,"column":11}},"30":{"start":{"line":81,"column":0},"end":{"line":181,"column":3}},"31":{"start":{"line":82,"column":4},"end":{"line":180,"column":5}},"32":{"start":{"line":83,"column":23},"end":{"line":83,"column":48}},"33":{"start":{"line":84,"column":21},"end":{"line":84,"column":51}},"34":{"start":{"line":85,"column":22},"end":{"line":85,"column":47}},"35":{"start":{"line":88,"column":29},"end":{"line":88,"column":54}},"36":{"start":{"line":89,"column":21},"end":{"line":89,"column":49}},"37":{"start":{"line":91,"column":8},"end":{"line":141,"column":9}},"38":{"start":{"line":92,"column":12},"end":{"line":92,"column":38}},"39":{"start":{"line":94,"column":12},"end":{"line":94,"column":39}},"40":{"start":{"line":96,"column":32},"end":{"line":110,"column":13}},"41":{"start":{"line":112,"column":24},"end":{"line":112,"column":70}},"42":{"start":{"line":112,"column":55},"end":{"line":112,"column":59}},"43":{"start":{"line":114,"column":28},"end":{"line":123,"column":13}},"44":{"start":{"line":125,"column":28},"end":{"line":125,"column":45}},"45":{"start":{"line":127,"column":12},"end":{"line":137,"column":16}},"46":{"start":{"line":127,"column":56},"end":{"line":137,"column":13}},"47":{"start":{"line":140,"column":12},"end":{"line":140,"column":60}},"48":{"start":{"line":144,"column":19},"end":{"line":144,"column":30}},"49":{"start":{"line":146,"column":8},"end":{"line":150,"column":9}},"50":{"start":{"line":147,"column":12},"end":{"line":149,"column":14}},"51":{"start":{"line":148,"column":16},"end":{"line":148,"column":66}},"52":{"start":{"line":152,"column":8},"end":{"line":156,"column":9}},"53":{"start":{"line":153,"column":12},"end":{"line":155,"column":14}},"54":{"start":{"line":154,"column":16},"end":{"line":154,"column":78}},"55":{"start":{"line":158,"column":8},"end":{"line":162,"column":9}},"56":{"start":{"line":159,"column":12},"end":{"line":161,"column":14}},"57":{"start":{"line":160,"column":16},"end":{"line":160,"column":56}},"58":{"start":{"line":164,"column":8},"end":{"line":169,"column":9}},"59":{"start":{"line":165,"column":12},"end":{"line":168,"column":15}},"60":{"start":{"line":166,"column":16},"end":{"line":166,"column":62}},"61":{"start":{"line":166,"column":37},"end":{"line":166,"column":62}},"62":{"start":{"line":167,"column":16},"end":{"line":167,"column":41}},"63":{"start":{"line":172,"column":8},"end":{"line":172,"column":82}},"64":{"start":{"line":173,"column":8},"end":{"line":173,"column":23}},"65":{"start":{"line":176,"column":8},"end":{"line":179,"column":11}},"66":{"start":{"line":184,"column":0},"end":{"line":249,"column":3}},"67":{"start":{"line":185,"column":4},"end":{"line":248,"column":5}},"68":{"start":{"line":186,"column":23},"end":{"line":186,"column":33}},"69":{"start":{"line":187,"column":25},"end":{"line":187,"column":40}},"70":{"start":{"line":188,"column":23},"end":{"line":188,"column":47}},"71":{"start":{"line":190,"column":8},"end":{"line":194,"column":9}},"72":{"start":{"line":191,"column":12},"end":{"line":191,"column":38}},"73":{"start":{"line":192,"column":12},"end":{"line":192,"column":86}},"74":{"start":{"line":193,"column":12},"end":{"line":193,"column":36}},"75":{"start":{"line":197,"column":24},"end":{"line":206,"column":9}},"76":{"start":{"line":209,"column":25},"end":{"line":218,"column":9}},"77":{"start":{"line":220,"column":21},"end":{"line":220,"column":42}},"78":{"start":{"line":221,"column":22},"end":{"line":221,"column":54}},"79":{"start":{"line":224,"column":23},"end":{"line":237,"column":9}},"80":{"start":{"line":239,"column":8},"end":{"line":239,"column":52}},"81":{"start":{"line":240,"column":8},"end":{"line":240,"column":35}},"82":{"start":{"line":241,"column":8},"end":{"line":241,"column":82}},"83":{"start":{"line":242,"column":8},"end":{"line":242,"column":25}},"84":{"start":{"line":244,"column":8},"end":{"line":247,"column":11}},"85":{"start":{"line":253,"column":28},"end":{"line":270,"column":1}},"86":{"start":{"line":272,"column":23},"end":{"line":272,"column":42}},"87":{"start":{"line":275,"column":18},"end":{"line":275,"column":38}},"88":{"start":{"line":276,"column":4},"end":{"line":276,"column":70}},"89":{"start":{"line":276,"column":36},"end":{"line":276,"column":70}},"90":{"start":{"line":277,"column":4},"end":{"line":291,"column":5}},"91":{"start":{"line":279,"column":26},"end":{"line":286,"column":9}},"92":{"start":{"line":282,"column":32},"end":{"line":282,"column":94}},"93":{"start":{"line":283,"column":16},"end":{"line":283,"column":36}},"94":{"start":{"line":287,"column":22},"end":{"line":287,"column":75}},"95":{"start":{"line":287,"column":42},"end":{"line":287,"column":74}},"96":{"start":{"line":288,"column":8},"end":{"line":288,"column":39}},"97":{"start":{"line":290,"column":8},"end":{"line":290,"column":20}},"98":{"start":{"line":294,"column":0},"end":{"line":352,"column":3}},"99":{"start":{"line":295,"column":4},"end":{"line":351,"column":5}},"100":{"start":{"line":296,"column":23},"end":{"line":296,"column":33}},"101":{"start":{"line":297,"column":21},"end":{"line":297,"column":42}},"102":{"start":{"line":298,"column":25},"end":{"line":298,"column":46}},"103":{"start":{"line":300,"column":23},"end":{"line":300,"column":47}},"104":{"start":{"line":301,"column":8},"end":{"line":305,"column":9}},"105":{"start":{"line":302,"column":12},"end":{"line":302,"column":38}},"106":{"start":{"line":303,"column":12},"end":{"line":303,"column":88}},"107":{"start":{"line":304,"column":12},"end":{"line":304,"column":36}},"108":{"start":{"line":307,"column":24},"end":{"line":316,"column":9}},"109":{"start":{"line":317,"column":23},"end":{"line":317,"column":52}},"110":{"start":{"line":318,"column":8},"end":{"line":320,"column":9}},"111":{"start":{"line":319,"column":12},"end":{"line":319,"column":69}},"112":{"start":{"line":322,"column":24},"end":{"line":322,"column":48}},"113":{"start":{"line":323,"column":8},"end":{"line":325,"column":9}},"114":{"start":{"line":324,"column":12},"end":{"line":324,"column":92}},"115":{"start":{"line":327,"column":25},"end":{"line":330,"column":9}},"116":{"start":{"line":332,"column":23},"end":{"line":335,"column":11}},"117":{"start":{"line":332,"column":73},"end":{"line":335,"column":9}},"118":{"start":{"line":337,"column":23},"end":{"line":337,"column":47}},"119":{"start":{"line":340,"column":26},"end":{"line":340,"column":107}},"120":{"start":{"line":341,"column":8},"end":{"line":341,"column":75}},"121":{"start":{"line":343,"column":8},"end":{"line":343,"column":35}},"122":{"start":{"line":344,"column":8},"end":{"line":344,"column":118}},"123":{"start":{"line":345,"column":8},"end":{"line":345,"column":25}},"124":{"start":{"line":347,"column":8},"end":{"line":350,"column":11}},"125":{"start":{"line":355,"column":0},"end":{"line":355,"column":24}}},"fnMap":{"0":{"name":"(anonymous_0)","decl":{"start":{"line":10,"column":28},"end":{"line":10,"column":29}},"loc":{"start":{"line":10,"column":48},"end":{"line":45,"column":1}},"line":10},"1":{"name":"(anonymous_1)","decl":{"start":{"line":48,"column":24},"end":{"line":48,"column":25}},"loc":{"start":{"line":48,"column":44},"end":{"line":78,"column":1}},"line":48},"2":{"name":"(anonymous_2)","decl":{"start":{"line":81,"column":50},"end":{"line":81,"column":51}},"loc":{"start":{"line":81,"column":70},"end":{"line":181,"column":1}},"line":81},"3":{"name":"(anonymous_3)","decl":{"start":{"line":112,"column":50},"end":{"line":112,"column":51}},"loc":{"start":{"line":112,"column":55},"end":{"line":112,"column":59}},"line":112},"4":{"name":"(anonymous_4)","decl":{"start":{"line":127,"column":47},"end":{"line":127,"column":48}},"loc":{"start":{"line":127,"column":56},"end":{"line":137,"column":13}},"line":127},"5":{"name":"(anonymous_5)","decl":{"start":{"line":147,"column":31},"end":{"line":147,"column":32}},"loc":{"start":{"line":148,"column":16},"end":{"line":148,"column":66}},"line":148},"6":{"name":"(anonymous_6)","decl":{"start":{"line":153,"column":31},"end":{"line":153,"column":32}},"loc":{"start":{"line":154,"column":16},"end":{"line":154,"column":78}},"line":154},"7":{"name":"(anonymous_7)","decl":{"start":{"line":159,"column":31},"end":{"line":159,"column":32}},"loc":{"start":{"line":160,"column":16},"end":{"line":160,"column":56}},"line":160},"8":{"name":"(anonymous_8)","decl":{"start":{"line":165,"column":22},"end":{"line":165,"column":23}},"loc":{"start":{"line":165,"column":32},"end":{"line":168,"column":13}},"line":165},"9":{"name":"(anonymous_9)","decl":{"start":{"line":184,"column":27},"end":{"line":184,"column":28}},"loc":{"start":{"line":184,"column":47},"end":{"line":249,"column":1}},"line":184},"10":{"name":"getGeckoId","decl":{"start":{"line":274,"column":15},"end":{"line":274,"column":25}},"loc":{"start":{"line":274,"column":34},"end":{"line":292,"column":1}},"line":274},"11":{"name":"(anonymous_11)","decl":{"start":{"line":281,"column":12},"end":{"line":281,"column":13}},"loc":{"start":{"line":281,"column":24},"end":{"line":284,"column":13}},"line":281},"12":{"name":"(anonymous_12)","decl":{"start":{"line":287,"column":37},"end":{"line":287,"column":38}},"loc":{"start":{"line":287,"column":42},"end":{"line":287,"column":74}},"line":287},"13":{"name":"(anonymous_13)","decl":{"start":{"line":294,"column":41},"end":{"line":294,"column":42}},"loc":{"start":{"line":294,"column":61},"end":{"line":352,"column":1}},"line":294},"14":{"name":"(anonymous_14)","decl":{"start":{"line":332,"column":48},"end":{"line":332,"column":49}},"loc":{"start":{"line":332,"column":73},"end":{"line":335,"column":9}},"line":332}},"branchMap":{"0":{"loc":{"start":{"line":14,"column":8},"end":{"line":17,"column":9}},"type":"if","locations":[{"start":{"line":14,"column":8},"end":{"line":17,"column":9}},{"start":{},"end":{}}],"line":14},"1":{"loc":{"start":{"line":53,"column":8},"end":{"line":56,"column":9}},"type":"if","locations":[{"start":{"line":53,"column":8},"end":{"line":56,"column":9}},{"start":{},"end":{}}],"line":53},"2":{"loc":{"start":{"line":83,"column":23},"end":{"line":83,"column":48}},"type":"binary-expr","locations":[{"start":{"line":83,"column":23},"end":{"line":83,"column":39}},{"start":{"line":83,"column":43},"end":{"line":83,"column":48}}],"line":83},"3":{"loc":{"start":{"line":84,"column":21},"end":{"line":84,"column":51}},"type":"binary-expr","locations":[{"start":{"line":84,"column":21},"end":{"line":84,"column":35}},{"start":{"line":84,"column":39},"end":{"line":84,"column":51}}],"line":84},"4":{"loc":{"start":{"line":85,"column":22},"end":{"line":85,"column":47}},"type":"binary-expr","locations":[{"start":{"line":85,"column":22},"end":{"line":85,"column":37}},{"start":{"line":85,"column":41},"end":{"line":85,"column":47}}],"line":85},"5":{"loc":{"start":{"line":91,"column":8},"end":{"line":141,"column":9}},"type":"if","locations":[{"start":{"line":91,"column":8},"end":{"line":141,"column":9}},{"start":{"line":93,"column":15},"end":{"line":141,"column":9}}],"line":91},"6":{"loc":{"start":{"line":135,"column":22},"end":{"line":135,"column":52}},"type":"binary-expr","locations":[{"start":{"line":135,"column":22},"end":{"line":135,"column":44}},{"start":{"line":135,"column":48},"end":{"line":135,"column":52}}],"line":135},"7":{"loc":{"start":{"line":136,"column":22},"end":{"line":136,"column":37}},"type":"binary-expr","locations":[{"start":{"line":136,"column":22},"end":{"line":136,"column":31}},{"start":{"line":136,"column":35},"end":{"line":136,"column":37}}],"line":136},"8":{"loc":{"start":{"line":146,"column":8},"end":{"line":150,"column":9}},"type":"if","locations":[{"start":{"line":146,"column":8},"end":{"line":150,"column":9}},{"start":{},"end":{}}],"line":146},"9":{"loc":{"start":{"line":152,"column":8},"end":{"line":156,"column":9}},"type":"if","locations":[{"start":{"line":152,"column":8},"end":{"line":156,"column":9}},{"start":{},"end":{}}],"line":152},"10":{"loc":{"start":{"line":158,"column":8},"end":{"line":162,"column":9}},"type":"if","locations":[{"start":{"line":158,"column":8},"end":{"line":162,"column":9}},{"start":{},"end":{}}],"line":158},"11":{"loc":{"start":{"line":160,"column":16},"end":{"line":160,"column":56}},"type":"binary-expr","locations":[{"start":{"line":160,"column":16},"end":{"line":160,"column":34}},{"start":{"line":160,"column":38},"end":{"line":160,"column":56}}],"line":160},"12":{"loc":{"start":{"line":164,"column":8},"end":{"line":169,"column":9}},"type":"if","locations":[{"start":{"line":164,"column":8},"end":{"line":169,"column":9}},{"start":{},"end":{}}],"line":164},"13":{"loc":{"start":{"line":164,"column":12},"end":{"line":164,"column":35}},"type":"binary-expr","locations":[{"start":{"line":164,"column":12},"end":{"line":164,"column":16}},{"start":{"line":164,"column":20},"end":{"line":164,"column":35}}],"line":164},"14":{"loc":{"start":{"line":166,"column":16},"end":{"line":166,"column":62}},"type":"if","locations":[{"start":{"line":166,"column":16},"end":{"line":166,"column":62}},{"start":{},"end":{}}],"line":166},"15":{"loc":{"start":{"line":190,"column":8},"end":{"line":194,"column":9}},"type":"if","locations":[{"start":{"line":190,"column":8},"end":{"line":194,"column":9}},{"start":{},"end":{}}],"line":190},"16":{"loc":{"start":{"line":230,"column":21},"end":{"line":230,"column":50}},"type":"binary-expr","locations":[{"start":{"line":230,"column":21},"end":{"line":230,"column":44}},{"start":{"line":230,"column":48},"end":{"line":230,"column":50}}],"line":230},"17":{"loc":{"start":{"line":276,"column":4},"end":{"line":276,"column":70}},"type":"if","locations":[{"start":{"line":276,"column":4},"end":{"line":276,"column":70}},{"start":{},"end":{}}],"line":276},"18":{"loc":{"start":{"line":288,"column":15},"end":{"line":288,"column":38}},"type":"cond-expr","locations":[{"start":{"line":288,"column":23},"end":{"line":288,"column":31}},{"start":{"line":288,"column":34},"end":{"line":288,"column":38}}],"line":288},"19":{"loc":{"start":{"line":297,"column":21},"end":{"line":297,"column":42}},"type":"binary-expr","locations":[{"start":{"line":297,"column":21},"end":{"line":297,"column":35}},{"start":{"line":297,"column":39},"end":{"line":297,"column":42}}],"line":297},"20":{"loc":{"start":{"line":301,"column":8},"end":{"line":305,"column":9}},"type":"if","locations":[{"start":{"line":301,"column":8},"end":{"line":305,"column":9}},{"start":{},"end":{}}],"line":301},"21":{"loc":{"start":{"line":318,"column":8},"end":{"line":320,"column":9}},"type":"if","locations":[{"start":{"line":318,"column":8},"end":{"line":320,"column":9}},{"start":{},"end":{}}],"line":318},"22":{"loc":{"start":{"line":323,"column":8},"end":{"line":325,"column":9}},"type":"if","locations":[{"start":{"line":323,"column":8},"end":{"line":325,"column":9}},{"start":{},"end":{}}],"line":323},"23":{"loc":{"start":{"line":341,"column":41},"end":{"line":341,"column":73}},"type":"binary-expr","locations":[{"start":{"line":341,"column":41},"end":{"line":341,"column":56}},{"start":{"line":341,"column":60},"end":{"line":341,"column":73}}],"line":341},"24":{"loc":{"start":{"line":344,"column":53},"end":{"line":344,"column":78}},"type":"binary-expr","locations":[{"start":{"line":344,"column":53},"end":{"line":344,"column":68}},{"start":{"line":344,"column":72},"end":{"line":344,"column":78}}],"line":344}},"s":{"0":2,"1":2,"2":2,"3":2,"4":2,"5":2,"6":2,"7":2,"8":2,"9":2,"10":0,"11":0,"12":2,"13":1,"14":1,"15":1,"16":1,"17":2,"18":1,"19":1,"20":1,"21":1,"22":1,"23":0,"24":0,"25":1,"26":1,"27":1,"28":1,"29":0,"30":2,"31":8,"32":8,"33":8,"34":8,"35":8,"36":8,"37":8,"38":1,"39":7,"40":7,"41":6,"42":12,"43":6,"44":6,"45":6,"46":12,"47":6,"48":7,"49":7,"50":1,"51":2,"52":7,"53":1,"54":2,"55":7,"56":1,"57":2,"58":7,"59":7,"60":5,"61":1,"62":4,"63":7,"64":7,"65":1,"66":2,"67":2,"68":2,"69":2,"70":2,"71":2,"72":0,"73":0,"74":0,"75":2,"76":1,"77":1,"78":1,"79":1,"80":1,"81":1,"82":1,"83":1,"84":1,"85":2,"86":2,"87":0,"88":0,"89":0,"90":0,"91":0,"92":0,"93":0,"94":0,"95":0,"96":0,"97":0,"98":2,"99":0,"100":0,"101":0,"102":0,"103":0,"104":0,"105":0,"106":0,"107":0,"108":0,"109":0,"110":0,"111":0,"112":0,"113":0,"114":0,"115":0,"116":0,"117":0,"118":0,"119":0,"120":0,"121":0,"122":0,"123":0,"124":0,"125":2},"f":{"0":2,"1":1,"2":8,"3":12,"4":12,"5":2,"6":2,"7":2,"8":5,"9":2,"10":0,"11":0,"12":0,"13":0,"14":0},"b":{"0":[0,2],"1":[0,1],"2":[8,5],"3":[8,7],"4":[8,7],"5":[1,7],"6":[12,0],"7":[12,12],"8":[1,6],"9":[1,6],"10":[1,6],"11":[2,1],"12":[7,0],"13":[7,7],"14":[1,4],"15":[0,2],"16":[1,0],"17":[0,0],"18":[0,0],"19":[0,0],"20":[0,0],"21":[0,0],"22":[0,0],"23":[0,0],"24":[0,0]},"_coverageSchema":"1a1c01bbd47fc00a2c39e90264f33305004495a9","hash":"67ce23c0b379d81126c5bb4d3a208c89b51e2552"}
,"C:\\Users\\apoor\\crypto-pulse\\crypto-backend\\src\\routes\\news.js": {"path":"C:\\Users\\apoor\\crypto-pulse\\crypto-backend\\src\\routes\\news.js","statementMap":{"0":{"start":{"line":1,"column":16},"end":{"line":1,"column":34}},"1":{"start":{"line":2,"column":14},"end":{"line":2,"column":30}},"2":{"start":{"line":3,"column":22},"end":{"line":3,"column":57}},"3":{"start":{"line":4,"column":15},"end":{"line":4,"column":31}},"4":{"start":{"line":14,"column":0},"end":{"line":78,"column":3}},"5":{"start":{"line":15,"column":4},"end":{"line":77,"column":5}},"6":{"start":{"line":16,"column":43},"end":{"line":16,"column":52}},"7":{"start":{"line":19,"column":25},"end":{"line":19,"column":85}},"8":{"start":{"line":20,"column":23},"end":{"line":20,"column":46}},"9":{"start":{"line":21,"column":8},"end":{"line":25,"column":9}},"10":{"start":{"line":22,"column":12},"end":{"line":22,"column":38}},"11":{"start":{"line":23,"column":12},"end":{"line":23,"column":88}},"12":{"start":{"line":24,"column":12},"end":{"line":24,"column":36}},"13":{"start":{"line":27,"column":31},"end":{"line":27,"column":33}},"14":{"start":{"line":28,"column":8},"end":{"line":30,"column":9}},"15":{"start":{"line":29,"column":12},"end":{"line":29,"column":101}},"16":{"start":{"line":29,"column":59},"end":{"line":29,"column":89}},"17":{"start":{"line":32,"column":23},"end":{"line":37,"column":9}},"18":{"start":{"line":39,"column":8},"end":{"line":43,"column":9}},"19":{"start":{"line":40,"column":12},"end":{"line":40,"column":46}},"20":{"start":{"line":42,"column":12},"end":{"line":42,"column":55}},"21":{"start":{"line":45,"column":25},"end":{"line":45,"column":93}},"22":{"start":{"line":47,"column":8},"end":{"line":49,"column":9}},"23":{"start":{"line":48,"column":12},"end":{"line":48,"column":32}},"24":{"start":{"line":51,"column":21},"end":{"line":65,"column":10}},"25":{"start":{"line":52,"column":28},"end":{"line":52,"column":29}},"26":{"start":{"line":53,"column":12},"end":{"line":55,"column":13}},"27":{"start":{"line":54,"column":16},"end":{"line":54,"column":64}},"28":{"start":{"line":57,"column":12},"end":{"line":64,"column":14}},"29":{"start":{"line":67,"column":8},"end":{"line":67,"column":53}},"30":{"start":{"line":68,"column":8},"end":{"line":68,"column":35}},"31":{"start":{"line":69,"column":8},"end":{"line":69,"column":84}},"32":{"start":{"line":70,"column":8},"end":{"line":70,"column":23}},"33":{"start":{"line":72,"column":8},"end":{"line":72,"column":81}},"34":{"start":{"line":73,"column":8},"end":{"line":76,"column":11}},"35":{"start":{"line":80,"column":0},"end":{"line":80,"column":24}}},"fnMap":{"0":{"name":"(anonymous_0)","decl":{"start":{"line":14,"column":16},"end":{"line":14,"column":17}},"loc":{"start":{"line":14,"column":36},"end":{"line":78,"column":1}},"line":14},"1":{"name":"(anonymous_1)","decl":{"start":{"line":29,"column":54},"end":{"line":29,"column":55}},"loc":{"start":{"line":29,"column":59},"end":{"line":29,"column":89}},"line":29},"2":{"name":"(anonymous_2)","decl":{"start":{"line":51,"column":44},"end":{"line":51,"column":45}},"loc":{"start":{"line":51,"column":55},"end":{"line":65,"column":9}},"line":51}},"branchMap":{"0":{"loc":{"start":{"line":19,"column":33},"end":{"line":19,"column":52}},"type":"binary-expr","locations":[{"start":{"line":19,"column":33},"end":{"line":19,"column":40}},{"start":{"line":19,"column":44},"end":{"line":19,"column":52}}],"line":19},"1":{"loc":{"start":{"line":19,"column":56},"end":{"line":19,"column":67}},"type":"binary-expr","locations":[{"start":{"line":19,"column":56},"end":{"line":19,"column":61}},{"start":{"line":19,"column":65},"end":{"line":19,"column":67}}],"line":19},"2":{"loc":{"start":{"line":19,"column":71},"end":{"line":19,"column":83}},"type":"binary-expr","locations":[{"start":{"line":19,"column":71},"end":{"line":19,"column":77}},{"start":{"line":19,"column":81},"end":{"line":19,"column":83}}],"line":19},"3":{"loc":{"start":{"line":21,"column":8},"end":{"line":25,"column":9}},"type":"if","locations":[{"start":{"line":21,"column":8},"end":{"line":25,"column":9}},{"start":{},"end":{}}],"line":21},"4":{"loc":{"start":{"line":28,"column":8},"end":{"line":30,"column":9}},"type":"if","locations":[{"start":{"line":28,"column":8},"end":{"line":30,"column":9}},{"start":{},"end":{}}],"line":28},"5":{"loc":{"start":{"line":34,"column":19},"end":{"line":34,"column":30}},"type":"binary-expr","locations":[{"start":{"line":34,"column":19},"end":{"line":34,"column":24}},{"start":{"line":34,"column":28},"end":{"line":34,"column":30}}],"line":34},"6":{"loc":{"start":{"line":39,"column":8},"end":{"line":43,"column":9}},"type":"if","locations":[{"start":{"line":39,"column":8},"end":{"line":43,"column":9}},{"start":{"line":41,"column":15},"end":{"line":43,"column":9}}],"line":39},"7":{"loc":{"start":{"line":42,"column":28},"end":{"line":42,"column":54}},"type":"binary-expr","locations":[{"start":{"line":42,"column":28},"end":{"line":42,"column":34}},{"start":{"line":42,"column":38},"end":{"line":42,"column":54}}],"line":42},"8":{"loc":{"start":{"line":47,"column":8},"end":{"line":49,"column":9}},"type":"if","locations":[{"start":{"line":47,"column":8},"end":{"line":49,"column":9}},{"start":{},"end":{}}],"line":47},"9":{"loc":{"start":{"line":47,"column":12},"end":{"line":47,"column":49}},"type":"binary-expr","locations":[{"start":{"line":47,"column":12},"end":{"line":47,"column":26}},{"start":{"line":47,"column":30},"end":{"line":47,"column":49}}],"line":47},"10":{"loc":{"start":{"line":53,"column":12},"end":{"line":55,"column":13}},"type":"if","locations":[{"start":{"line":53,"column":12},"end":{"line":55,"column":13}},{"start":{},"end":{}}],"line":53},"11":{"loc":{"start":{"line":53,"column":16},"end":{"line":53,"column":63}},"type":"binary-expr","locations":[{"start":{"line":53,"column":16},"end":{"line":53,"column":32}},{"start":{"line":53,"column":36},"end":{"line":53,"column":63}}],"line":53},"12":{"loc":{"start":{"line":72,"column":46},"end":{"line":72,"column":79}},"type":"binary-expr","locations":[{"start":{"line":72,"column":46},"end":{"line":72,"column":64}},{"start":{"line":72,"column":68},"end":{"line":72,"column":79}}],"line":72}},"s":{"0":2,"1":2,"2":2,"3":2,"4":2,"5":4,"6":4,"7":4,"8":4,"9":4,"10":0,"11":0,"12":0,"13":4,"14":4,"15":1,"16":2,"17":4,"18":4,"19":1,"20":3,"21":4,"22":3,"23":1,"24":2,"25":1,"26":1,"27":1,"28":1,"29":2,"30":2,"31":2,"32":2,"33":1,"34":1,"35":2},"f":{"0":4,"1":2,"2":1},"b":{"0":[4,3],"1":[4,4],"2":[4,4],"3":[0,4],"4":[1,3],"5":[4,4],"6":[1,3],"7":[3,3],"8":[1,2],"9":[3,3],"10":[1,0],"11":[1,1],"12":[1,1]},"_coverageSchema":"1a1c01bbd47fc00a2c39e90264f33305004495a9","hash":"453d6f97d15b805f58a4529224b9e23796b0f275"}
,"C:\\Users\\apoor\\crypto-pulse\\crypto-backend\\src\\routes\\portfolio.js": {"path":"C:\\Users\\apoor\\crypto-pulse\\crypto-backend\\src\\routes\\portfolio.js","statementMap":{"0":{"start":{"line":1,"column":16},"end":{"line":1,"column":34}},"1":{"start":{"line":2,"column":15},"end":{"line":2,"column":31}},"2":{"start":{"line":4,"column":23},"end":{"line":4,"column":65}},"3":{"start":{"line":5,"column":18},"end":{"line":5,"column":48}},"4":{"start":{"line":8,"column":0},"end":{"line":18,"column":3}},"5":{"start":{"line":9,"column":2},"end":{"line":17,"column":3}},"6":{"start":{"line":10,"column":22},"end":{"line":10,"column":68}},"7":{"start":{"line":11,"column":4},"end":{"line":13,"column":5}},"8":{"start":{"line":12,"column":6},"end":{"line":12,"column":70}},"9":{"start":{"line":14,"column":4},"end":{"line":14,"column":24}},"10":{"start":{"line":16,"column":4},"end":{"line":16,"column":67}},"11":{"start":{"line":21,"column":0},"end":{"line":66,"column":3}},"12":{"start":{"line":22,"column":46},"end":{"line":22,"column":54}},"13":{"start":{"line":24,"column":2},"end":{"line":26,"column":3}},"14":{"start":{"line":25,"column":4},"end":{"line":25,"column":72}},"15":{"start":{"line":28,"column":2},"end":{"line":65,"column":3}},"16":{"start":{"line":29,"column":4},"end":{"line":29,"column":31}},"17":{"start":{"line":30,"column":4},"end":{"line":30,"column":35}},"18":{"start":{"line":31,"column":4},"end":{"line":31,"column":35}},"19":{"start":{"line":33,"column":22},"end":{"line":33,"column":68}},"20":{"start":{"line":34,"column":4},"end":{"line":36,"column":5}},"21":{"start":{"line":35,"column":6},"end":{"line":35,"column":70}},"22":{"start":{"line":38,"column":25},"end":{"line":40,"column":5}},"23":{"start":{"line":39,"column":13},"end":{"line":39,"column":32}},"24":{"start":{"line":42,"column":4},"end":{"line":58,"column":5}},"25":{"start":{"line":44,"column":8},"end":{"line":45,"column":24}},"26":{"start":{"line":47,"column":23},"end":{"line":47,"column":55}},"27":{"start":{"line":49,"column":6},"end":{"line":49,"column":54}},"28":{"start":{"line":50,"column":6},"end":{"line":50,"column":39}},"29":{"start":{"line":52,"column":6},"end":{"line":57,"column":9}},"30":{"start":{"line":60,"column":4},"end":{"line":60,"column":27}},"31":{"start":{"line":61,"column":4},"end":{"line":61,"column":24}},"32":{"start":{"line":63,"column":4},"end":{"line":63,"column":23}},"33":{"start":{"line":64,"column":4},"end":{"line":64,"column":60}},"34":{"start":{"line":69,"column":0},"end":{"line":107,"column":3}},"35":{"start":{"line":70,"column":31},"end":{"line":70,"column":39}},"36":{"start":{"line":72,"column":2},"end":{"line":74,"column":3}},"37":{"start":{"line":73,"column":4},"end":{"line":73,"column":72}},"38":{"start":{"line":76,"column":2},"end":{"line":106,"column":3}},"39":{"start":{"line":77,"column":22},"end":{"line":77,"column":68}},"40":{"start":{"line":78,"column":4},"end":{"line":80,"column":5}},"41":{"start":{"line":79,"column":6},"end":{"line":79,"column":70}},"42":{"start":{"line":82,"column":25},"end":{"line":84,"column":5}},"43":{"start":{"line":83,"column":13},"end":{"line":83,"column":32}},"44":{"start":{"line":86,"column":4},"end":{"line":88,"column":5}},"45":{"start":{"line":87,"column":6},"end":{"line":87,"column":78}},"46":{"start":{"line":90,"column":4},"end":{"line":92,"column":5}},"47":{"start":{"line":91,"column":6},"end":{"line":91,"column":72}},"48":{"start":{"line":94,"column":4},"end":{"line":94,"column":38}},"49":{"start":{"line":96,"column":4},"end":{"line":100,"column":5}},"50":{"start":{"line":97,"column":6},"end":{"line":99,"column":8}},"51":{"start":{"line":98,"column":15},"end":{"line":98,"column":34}},"52":{"start":{"line":102,"column":4},"end":{"line":102,"column":27}},"53":{"start":{"line":103,"column":4},"end":{"line":103,"column":24}},"54":{"start":{"line":105,"column":4},"end":{"line":105,"column":61}},"55":{"start":{"line":110,"column":0},"end":{"line":128,"column":3}},"56":{"start":{"line":111,"column":21},"end":{"line":111,"column":31}},"57":{"start":{"line":113,"column":2},"end":{"line":127,"column":3}},"58":{"start":{"line":114,"column":22},"end":{"line":114,"column":68}},"59":{"start":{"line":115,"column":4},"end":{"line":117,"column":5}},"60":{"start":{"line":116,"column":6},"end":{"line":116,"column":70}},"61":{"start":{"line":119,"column":4},"end":{"line":121,"column":6}},"62":{"start":{"line":120,"column":13},"end":{"line":120,"column":32}},"63":{"start":{"line":123,"column":4},"end":{"line":123,"column":27}},"64":{"start":{"line":124,"column":4},"end":{"line":124,"column":24}},"65":{"start":{"line":126,"column":4},"end":{"line":126,"column":63}},"66":{"start":{"line":131,"column":0},"end":{"line":144,"column":3}},"67":{"start":{"line":132,"column":2},"end":{"line":143,"column":3}},"68":{"start":{"line":133,"column":22},"end":{"line":133,"column":68}},"69":{"start":{"line":134,"column":4},"end":{"line":136,"column":5}},"70":{"start":{"line":135,"column":6},"end":{"line":135,"column":70}},"71":{"start":{"line":138,"column":4},"end":{"line":138,"column":28}},"72":{"start":{"line":139,"column":4},"end":{"line":139,"column":27}},"73":{"start":{"line":140,"column":4},"end":{"line":140,"column":24}},"74":{"start":{"line":142,"column":4},"end":{"line":142,"column":67}},"75":{"start":{"line":146,"column":0},"end":{"line":146,"column":24}}},"fnMap":{"0":{"name":"(anonymous_0)","decl":{"start":{"line":8,"column":32},"end":{"line":8,"column":33}},"loc":{"start":{"line":8,"column":52},"end":{"line":18,"column":1}},"line":8},"1":{"name":"(anonymous_1)","decl":{"start":{"line":21,"column":36},"end":{"line":21,"column":37}},"loc":{"start":{"line":21,"column":56},"end":{"line":66,"column":1}},"line":21},"2":{"name":"(anonymous_2)","decl":{"start":{"line":39,"column":6},"end":{"line":39,"column":7}},"loc":{"start":{"line":39,"column":13},"end":{"line":39,"column":32}},"line":39},"3":{"name":"(anonymous_3)","decl":{"start":{"line":69,"column":37},"end":{"line":69,"column":38}},"loc":{"start":{"line":69,"column":57},"end":{"line":107,"column":1}},"line":69},"4":{"name":"(anonymous_4)","decl":{"start":{"line":83,"column":6},"end":{"line":83,"column":7}},"loc":{"start":{"line":83,"column":13},"end":{"line":83,"column":32}},"line":83},"5":{"name":"(anonymous_5)","decl":{"start":{"line":98,"column":8},"end":{"line":98,"column":9}},"loc":{"start":{"line":98,"column":15},"end":{"line":98,"column":34}},"line":98},"6":{"name":"(anonymous_6)","decl":{"start":{"line":110,"column":49},"end":{"line":110,"column":50}},"loc":{"start":{"line":110,"column":69},"end":{"line":128,"column":1}},"line":110},"7":{"name":"(anonymous_7)","decl":{"start":{"line":120,"column":6},"end":{"line":120,"column":7}},"loc":{"start":{"line":120,"column":13},"end":{"line":120,"column":32}},"line":120},"8":{"name":"(anonymous_8)","decl":{"start":{"line":131,"column":40},"end":{"line":131,"column":41}},"loc":{"start":{"line":131,"column":60},"end":{"line":144,"column":1}},"line":131}},"branchMap":{"0":{"loc":{"start":{"line":11,"column":4},"end":{"line":13,"column":5}},"type":"if","locations":[{"start":{"line":11,"column":4},"end":{"line":13,"column":5}},{"start":{},"end":{}}],"line":11},"1":{"loc":{"start":{"line":24,"column":2},"end":{"line":26,"column":3}},"type":"if","locations":[{"start":{"line":24,"column":2},"end":{"line":26,"column":3}},{"start":{},"end":{}}],"line":24},"2":{"loc":{"start":{"line":24,"column":6},"end":{"line":24,"column":47}},"type":"binary-expr","locations":[{"start":{"line":24,"column":6},"end":{"line":24,"column":13}},{"start":{"line":24,"column":17},"end":{"line":24,"column":24}},{"start":{"line":24,"column":28},"end":{"line":24,"column":37}},{"start":{"line":24,"column":41},"end":{"line":24,"column":47}}],"line":24},"3":{"loc":{"start":{"line":34,"column":4},"end":{"line":36,"column":5}},"type":"if","locations":[{"start":{"line":34,"column":4},"end":{"line":36,"column":5}},{"start":{},"end":{}}],"line":34},"4":{"loc":{"start":{"line":42,"column":4},"end":{"line":58,"column":5}},"type":"if","locations":[{"start":{"line":42,"column":4},"end":{"line":58,"column":5}},{"start":{"line":51,"column":11},"end":{"line":58,"column":5}}],"line":42},"5":{"loc":{"start":{"line":72,"column":2},"end":{"line":74,"column":3}},"type":"if","locations":[{"start":{"line":72,"column":2},"end":{"line":74,"column":3}},{"start":{},"end":{}}],"line":72},"6":{"loc":{"start":{"line":72,"column":6},"end":{"line":72,"column":26}},"type":"binary-expr","locations":[{"start":{"line":72,"column":6},"end":{"line":72,"column":13}},{"start":{"line":72,"column":17},"end":{"line":72,"column":26}}],"line":72},"7":{"loc":{"start":{"line":78,"column":4},"end":{"line":80,"column":5}},"type":"if","locations":[{"start":{"line":78,"column":4},"end":{"line":80,"column":5}},{"start":{},"end":{}}],"line":78},"8":{"loc":{"start":{"line":86,"column":4},"end":{"line":88,"column":5}},"type":"if","locations":[{"start":{"line":86,"column":4},"end":{"line":88,"column":5}},{"start":{},"end":{}}],"line":86},"9":{"loc":{"start":{"line":90,"column":4},"end":{"line":92,"column":5}},"type":"if","locations":[{"start":{"line":90,"column":4},"end":{"line":92,"column":5}},{"start":{},"end":{}}],"line":90},"10":{"loc":{"start":{"line":96,"column":4},"end":{"line":100,"column":5}},"type":"if","locations":[{"start":{"line":96,"column":4},"end":{"line":100,"column":5}},{"start":{},"end":{}}],"line":96},"11":{"loc":{"start":{"line":115,"column":4},"end":{"line":117,"column":5}},"type":"if","locations":[{"start":{"line":115,"column":4},"end":{"line":117,"column":5}},{"start":{},"end":{}}],"line":115},"12":{"loc":{"start":{"line":134,"column":4},"end":{"line":136,"column":5}},"type":"if","locations":[{"start":{"line":134,"column":4},"end":{"line":136,"column":5}},{"start":{},"end":{}}],"line":134}},"s":{"0":2,"1":2,"2":2,"3":2,"4":2,"5":3,"6":3,"7":2,"8":1,"9":1,"10":1,"11":2,"12":4,"13":4,"14":1,"15":3,"16":3,"17":3,"18":3,"19":3,"20":3,"21":1,"22":2,"23":1,"24":2,"25":1,"26":1,"27":1,"28":1,"29":1,"30":2,"31":2,"32":0,"33":0,"34":2,"35":6,"36":6,"37":1,"38":5,"39":5,"40":5,"41":1,"42":4,"43":3,"44":4,"45":1,"46":3,"47":1,"48":2,"49":2,"50":1,"51":1,"52":2,"53":2,"54":0,"55":2,"56":2,"57":2,"58":2,"59":2,"60":1,"61":1,"62":1,"63":1,"64":1,"65":0,"66":2,"67":2,"68":2,"69":2,"70":1,"71":1,"72":1,"73":1,"74":0,"75":2},"f":{"0":3,"1":4,"2":1,"3":6,"4":3,"5":1,"6":2,"7":1,"8":2},"b":{"0":[1,1],"1":[1,3],"2":[4,4,3,3],"3":[1,2],"4":[1,1],"5":[1,5],"6":[6,6],"7":[1,4],"8":[1,3],"9":[1,2],"10":[1,1],"11":[1,1],"12":[1,1]},"_coverageSchema":"1a1c01bbd47fc00a2c39e90264f33305004495a9","hash":"53513d28c8467b016e4d727dbf7d45b125273ca7"}
,"C:\\Users\\apoor\\crypto-pulse\\crypto-backend\\src\\services\\cacheService.js": {"path":"C:\\Users\\apoor\\crypto-pulse\\crypto-backend\\src\\services\\cacheService.js","statementMap":{"0":{"start":{"line":15,"column":8},"end":{"line":15,"column":31}},"1":{"start":{"line":18,"column":8},"end":{"line":18,"column":46}},"2":{"start":{"line":21,"column":8},"end":{"line":21,"column":58}},"3":{"start":{"line":24,"column":8},"end":{"line":30,"column":10}},"4":{"start":{"line":33,"column":8},"end":{"line":33,"column":82}},"5":{"start":{"line":33,"column":50},"end":{"line":33,"column":65}},"6":{"start":{"line":35,"column":8},"end":{"line":37,"column":9}},"7":{"start":{"line":36,"column":12},"end":{"line":36,"column":42}},"8":{"start":{"line":46,"column":22},"end":{"line":46,"column":41}},"9":{"start":{"line":48,"column":8},"end":{"line":51,"column":9}},"10":{"start":{"line":49,"column":12},"end":{"line":49,"column":32}},"11":{"start":{"line":50,"column":12},"end":{"line":50,"column":24}},"12":{"start":{"line":54,"column":8},"end":{"line":58,"column":9}},"13":{"start":{"line":55,"column":12},"end":{"line":55,"column":35}},"14":{"start":{"line":56,"column":12},"end":{"line":56,"column":32}},"15":{"start":{"line":57,"column":12},"end":{"line":57,"column":24}},"16":{"start":{"line":61,"column":8},"end":{"line":61,"column":31}},"17":{"start":{"line":62,"column":8},"end":{"line":62,"column":35}},"18":{"start":{"line":64,"column":8},"end":{"line":64,"column":26}},"19":{"start":{"line":65,"column":8},"end":{"line":65,"column":26}},"20":{"start":{"line":75,"column":29},"end":{"line":75,"column":64}},"21":{"start":{"line":78,"column":8},"end":{"line":80,"column":9}},"22":{"start":{"line":79,"column":12},"end":{"line":79,"column":29}},"23":{"start":{"line":83,"column":8},"end":{"line":83,"column":31}},"24":{"start":{"line":85,"column":8},"end":{"line":89,"column":11}},"25":{"start":{"line":91,"column":8},"end":{"line":91,"column":26}},"26":{"start":{"line":100,"column":8},"end":{"line":100,"column":38}},"27":{"start":{"line":109,"column":23},"end":{"line":109,"column":76}},"28":{"start":{"line":110,"column":20},"end":{"line":110,"column":21}},"29":{"start":{"line":111,"column":8},"end":{"line":116,"column":9}},"30":{"start":{"line":112,"column":12},"end":{"line":115,"column":13}},"31":{"start":{"line":113,"column":16},"end":{"line":113,"column":39}},"32":{"start":{"line":114,"column":16},"end":{"line":114,"column":24}},"33":{"start":{"line":117,"column":8},"end":{"line":117,"column":42}},"34":{"start":{"line":118,"column":8},"end":{"line":118,"column":21}},"35":{"start":{"line":125,"column":21},"end":{"line":125,"column":36}},"36":{"start":{"line":126,"column":8},"end":{"line":126,"column":27}},"37":{"start":{"line":127,"column":8},"end":{"line":127,"column":41}},"38":{"start":{"line":135,"column":22},"end":{"line":135,"column":57}},"39":{"start":{"line":136,"column":8},"end":{"line":141,"column":10}},"40":{"start":{"line":152,"column":23},"end":{"line":152,"column":36}},"41":{"start":{"line":153,"column":8},"end":{"line":153,"column":43}},"42":{"start":{"line":153,"column":29},"end":{"line":153,"column":43}},"43":{"start":{"line":155,"column":21},"end":{"line":155,"column":36}},"44":{"start":{"line":156,"column":8},"end":{"line":156,"column":33}},"45":{"start":{"line":157,"column":8},"end":{"line":157,"column":20}},"46":{"start":{"line":167,"column":8},"end":{"line":191,"column":10}},"47":{"start":{"line":168,"column":24},"end":{"line":168,"column":72}},"48":{"start":{"line":169,"column":27},"end":{"line":169,"column":40}},"49":{"start":{"line":171,"column":12},"end":{"line":176,"column":13}},"50":{"start":{"line":173,"column":16},"end":{"line":173,"column":42}},"51":{"start":{"line":174,"column":16},"end":{"line":174,"column":44}},"52":{"start":{"line":175,"column":16},"end":{"line":175,"column":40}},"53":{"start":{"line":179,"column":33},"end":{"line":179,"column":51}},"54":{"start":{"line":180,"column":12},"end":{"line":188,"column":14}},"55":{"start":{"line":182,"column":16},"end":{"line":184,"column":17}},"56":{"start":{"line":183,"column":20},"end":{"line":183,"column":45}},"57":{"start":{"line":185,"column":16},"end":{"line":185,"column":43}},"58":{"start":{"line":186,"column":16},"end":{"line":186,"column":44}},"59":{"start":{"line":187,"column":16},"end":{"line":187,"column":42}},"60":{"start":{"line":190,"column":12},"end":{"line":190,"column":19}},"61":{"start":{"line":198,"column":25},"end":{"line":198,"column":55}},"62":{"start":{"line":199,"column":8},"end":{"line":202,"column":9}},"63":{"start":{"line":200,"column":12},"end":{"line":200,"column":40}},"64":{"start":{"line":201,"column":12},"end":{"line":201,"column":35}},"65":{"start":{"line":207,"column":20},"end":{"line":207,"column":30}},"66":{"start":{"line":208,"column":8},"end":{"line":212,"column":9}},"67":{"start":{"line":209,"column":12},"end":{"line":211,"column":13}},"68":{"start":{"line":210,"column":16},"end":{"line":210,"column":39}},"69":{"start":{"line":217,"column":8},"end":{"line":217,"column":45}},"70":{"start":{"line":218,"column":8},"end":{"line":218,"column":27}},"71":{"start":{"line":225,"column":19},"end":{"line":228,"column":2}},"72":{"start":{"line":231,"column":18},"end":{"line":234,"column":2}},"73":{"start":{"line":237,"column":19},"end":{"line":240,"column":2}},"74":{"start":{"line":243,"column":21},"end":{"line":246,"column":2}},"75":{"start":{"line":248,"column":0},"end":{"line":254,"column":2}}},"fnMap":{"0":{"name":"(anonymous_0)","decl":{"start":{"line":13,"column":4},"end":{"line":13,"column":5}},"loc":{"start":{"line":13,"column":30},"end":{"line":38,"column":5}},"line":13},"1":{"name":"(anonymous_1)","decl":{"start":{"line":33,"column":44},"end":{"line":33,"column":45}},"loc":{"start":{"line":33,"column":50},"end":{"line":33,"column":65}},"line":33},"2":{"name":"(anonymous_2)","decl":{"start":{"line":45,"column":4},"end":{"line":45,"column":5}},"loc":{"start":{"line":45,"column":13},"end":{"line":66,"column":5}},"line":45},"3":{"name":"(anonymous_3)","decl":{"start":{"line":74,"column":4},"end":{"line":74,"column":5}},"loc":{"start":{"line":74,"column":24},"end":{"line":92,"column":5}},"line":74},"4":{"name":"(anonymous_4)","decl":{"start":{"line":99,"column":4},"end":{"line":99,"column":5}},"loc":{"start":{"line":99,"column":16},"end":{"line":101,"column":5}},"line":99},"5":{"name":"(anonymous_5)","decl":{"start":{"line":108,"column":4},"end":{"line":108,"column":5}},"loc":{"start":{"line":108,"column":35},"end":{"line":119,"column":5}},"line":108},"6":{"name":"(anonymous_6)","decl":{"start":{"line":124,"column":4},"end":{"line":124,"column":5}},"loc":{"start":{"line":124,"column":12},"end":{"line":128,"column":5}},"line":124},"7":{"name":"(anonymous_7)","decl":{"start":{"line":134,"column":4},"end":{"line":134,"column":5}},"loc":{"start":{"line":134,"column":15},"end":{"line":142,"column":5}},"line":134},"8":{"name":"(anonymous_8)","decl":{"start":{"line":151,"column":4},"end":{"line":151,"column":5}},"loc":{"start":{"line":151,"column":38},"end":{"line":158,"column":5}},"line":151},"9":{"name":"(anonymous_9)","decl":{"start":{"line":166,"column":4},"end":{"line":166,"column":5}},"loc":{"start":{"line":166,"column":27},"end":{"line":192,"column":5}},"line":166},"10":{"name":"(anonymous_10)","decl":{"start":{"line":167,"column":15},"end":{"line":167,"column":16}},"loc":{"start":{"line":167,"column":35},"end":{"line":191,"column":9}},"line":167},"11":{"name":"(anonymous_11)","decl":{"start":{"line":180,"column":23},"end":{"line":180,"column":24}},"loc":{"start":{"line":180,"column":33},"end":{"line":188,"column":13}},"line":180},"12":{"name":"(anonymous_12)","decl":{"start":{"line":197,"column":4},"end":{"line":197,"column":5}},"loc":{"start":{"line":197,"column":16},"end":{"line":203,"column":5}},"line":197},"13":{"name":"(anonymous_13)","decl":{"start":{"line":206,"column":4},"end":{"line":206,"column":5}},"loc":{"start":{"line":206,"column":15},"end":{"line":213,"column":5}},"line":206},"14":{"name":"(anonymous_14)","decl":{"start":{"line":216,"column":4},"end":{"line":216,"column":5}},"loc":{"start":{"line":216,"column":14},"end":{"line":219,"column":5}},"line":216}},"branchMap":{"0":{"loc":{"start":{"line":13,"column":16},"end":{"line":13,"column":28}},"type":"default-arg","locations":[{"start":{"line":13,"column":26},"end":{"line":13,"column":28}}],"line":13},"1":{"loc":{"start":{"line":18,"column":23},"end":{"line":18,"column":45}},"type":"binary-expr","locations":[{"start":{"line":18,"column":23},"end":{"line":18,"column":38}},{"start":{"line":18,"column":42},"end":{"line":18,"column":45}}],"line":18},"2":{"loc":{"start":{"line":21,"column":26},"end":{"line":21,"column":57}},"type":"binary-expr","locations":[{"start":{"line":21,"column":26},"end":{"line":21,"column":44}},{"start":{"line":21,"column":48},"end":{"line":21,"column":57}}],"line":21},"3":{"loc":{"start":{"line":35,"column":8},"end":{"line":37,"column":9}},"type":"if","locations":[{"start":{"line":35,"column":8},"end":{"line":37,"column":9}},{"start":{},"end":{}}],"line":35},"4":{"loc":{"start":{"line":48,"column":8},"end":{"line":51,"column":9}},"type":"if","locations":[{"start":{"line":48,"column":8},"end":{"line":51,"column":9}},{"start":{},"end":{}}],"line":48},"5":{"loc":{"start":{"line":54,"column":8},"end":{"line":58,"column":9}},"type":"if","locations":[{"start":{"line":54,"column":8},"end":{"line":58,"column":9}},{"start":{},"end":{}}],"line":54},"6":{"loc":{"start":{"line":75,"column":29},"end":{"line":75,"column":64}},"type":"cond-expr","locations":[{"start":{"line":75,"column":43},"end":{"line":75,"column":46}},{"start":{"line":75,"column":49},"end":{"line":75,"column":64}}],"line":75},"7":{"loc":{"start":{"line":78,"column":8},"end":{"line":80,"column":9}},"type":"if","locations":[{"start":{"line":78,"column":8},"end":{"line":80,"column":9}},{"start":{},"end":{}}],"line":78},"8":{"loc":{"start":{"line":78,"column":12},"end":{"line":78,"column":67}},"type":"binary-expr","locations":[{"start":{"line":78,"column":12},"end":{"line":78,"column":32}},{"start":{"line":78,"column":36},"end":{"line":78,"column":67}}],"line":78},"9":{"loc":{"start":{"line":109,"column":23},"end":{"line":109,"column":76}},"type":"cond-expr","locations":[{"start":{"line":109,"column":49},"end":{"line":109,"column":58}},{"start":{"line":109,"column":61},"end":{"line":109,"column":76}}],"line":109},"10":{"loc":{"start":{"line":112,"column":12},"end":{"line":115,"column":13}},"type":"if","locations":[{"start":{"line":112,"column":12},"end":{"line":115,"column":13}},{"start":{},"end":{}}],"line":112},"11":{"loc":{"start":{"line":140,"column":21},"end":{"line":140,"column":90}},"type":"cond-expr","locations":[{"start":{"line":140,"column":33},"end":{"line":140,"column":83}},{"start":{"line":140,"column":86},"end":{"line":140,"column":90}}],"line":140},"12":{"loc":{"start":{"line":153,"column":8},"end":{"line":153,"column":43}},"type":"if","locations":[{"start":{"line":153,"column":8},"end":{"line":153,"column":43}},{"start":{},"end":{}}],"line":153},"13":{"loc":{"start":{"line":168,"column":24},"end":{"line":168,"column":72}},"type":"cond-expr","locations":[{"start":{"line":168,"column":54},"end":{"line":168,"column":64}},{"start":{"line":168,"column":67},"end":{"line":168,"column":72}}],"line":168},"14":{"loc":{"start":{"line":171,"column":12},"end":{"line":176,"column":13}},"type":"if","locations":[{"start":{"line":171,"column":12},"end":{"line":176,"column":13}},{"start":{},"end":{}}],"line":171},"15":{"loc":{"start":{"line":182,"column":16},"end":{"line":184,"column":17}},"type":"if","locations":[{"start":{"line":182,"column":16},"end":{"line":184,"column":17}},{"start":{},"end":{}}],"line":182},"16":{"loc":{"start":{"line":182,"column":20},"end":{"line":182,"column":65}},"type":"binary-expr","locations":[{"start":{"line":182,"column":20},"end":{"line":182,"column":41}},{"start":{"line":182,"column":45},"end":{"line":182,"column":65}}],"line":182},"17":{"loc":{"start":{"line":199,"column":8},"end":{"line":202,"column":9}},"type":"if","locations":[{"start":{"line":199,"column":8},"end":{"line":202,"column":9}},{"start":{},"end":{}}],"line":199},"18":{"loc":{"start":{"line":209,"column":12},"end":{"line":211,"column":13}},"type":"if","locations":[{"start":{"line":209,"column":12},"end":{"line":211,"column":13}},{"start":{},"end":{}}],"line":209}},"s":{"0":12,"1":12,"2":12,"3":12,"4":12,"5":0,"6":12,"7":12,"8":17,"9":17,"10":16,"11":16,"12":1,"13":0,"14":0,"15":0,"16":1,"17":1,"18":1,"19":1,"20":11,"21":11,"22":0,"23":11,"24":11,"25":11,"26":0,"27":0,"28":0,"29":0,"30":0,"31":0,"32":0,"33":0,"34":0,"35":17,"36":17,"37":17,"38":0,"39":0,"40":0,"41":0,"42":0,"43":0,"44":0,"45":0,"46":0,"47":0,"48":0,"49":0,"50":0,"51":0,"52":0,"53":0,"54":0,"55":0,"56":0,"57":0,"58":0,"59":0,"60":0,"61":0,"62":0,"63":0,"64":0,"65":0,"66":0,"67":0,"68":0,"69":0,"70":0,"71":3,"72":3,"73":3,"74":3,"75":3},"f":{"0":12,"1":0,"2":17,"3":11,"4":0,"5":0,"6":17,"7":0,"8":0,"9":0,"10":0,"11":0,"12":0,"13":0,"14":0},"b":{"0":[0],"1":[12,0],"2":[12,0],"3":[12,0],"4":[16,1],"5":[0,1],"6":[11,0],"7":[0,11],"8":[11,11],"9":[0,0],"10":[0,0],"11":[0,0],"12":[0,0],"13":[0,0],"14":[0,0],"15":[0,0],"16":[0,0],"17":[0,0],"18":[0,0]},"_coverageSchema":"1a1c01bbd47fc00a2c39e90264f33305004495a9","hash":"fd4a24b32b87fc3c065ed5c177335883cd98e11a"}
}
