TN:
SF:config\db.js
FN:3,connectDB
FNF:1
FNH:1
FNDA:2,connectDB
DA:1,1
DA:4,2
DA:5,2
DA:6,1
DA:8,1
DA:9,1
DA:13,1
LF:7
LH:7
BRF:0
BRH:0
end_of_record
TN:
SF:config\firebaseAdmin.js
FNF:0
FNH:0
DA:1,0
DA:2,0
DA:4,0
DA:9,0
DA:10,0
DA:15,0
LF:6
LH:0
BRDA:9,0,0,0
BRDA:9,0,1,0
BRF:2
BRH:0
end_of_record
TN:
SF:middleware\authMiddleware.js
FN:4,authMiddleware
FNF:1
FNH:1
FNDA:5,authMiddleware
DA:1,1
DA:2,1
DA:5,5
DA:7,5
DA:8,2
DA:11,3
DA:13,3
DA:14,3
DA:15,2
DA:17,2
DA:19,2
DA:20,1
DA:26,2
DA:29,1
DA:33,1
LF:15
LH:15
BRDA:7,0,0,2
BRDA:7,0,1,3
BRDA:7,1,0,5
BRDA:7,1,1,4
BRDA:19,2,0,1
BRDA:19,2,1,1
BRF:6
BRH:6
end_of_record
TN:
SF:src\app.js
FN:20,(anonymous_0)
FNF:1
FNH:1
FNDA:1,(anonymous_0)
DA:1,1
DA:2,1
DA:4,1
DA:5,1
DA:7,1
DA:8,1
DA:9,1
DA:11,1
DA:13,1
DA:14,1
DA:16,1
DA:17,1
DA:18,1
DA:20,1
DA:21,1
DA:24,1
DA:26,1
LF:17
LH:17
BRF:0
BRH:0
end_of_record
TN:
SF:src\index.js
FN:8,(anonymous_0)
FNF:1
FNH:0
FNDA:0,(anonymous_0)
DA:1,0
DA:2,0
DA:4,0
DA:6,0
DA:8,0
DA:9,0
LF:6
LH:0
BRDA:4,0,0,0
BRDA:4,0,1,0
BRF:2
BRH:0
end_of_record
TN:
SF:src\models\Portfolio.js
FNF:0
FNH:0
DA:1,3
DA:3,3
DA:13,3
DA:21,3
LF:4
LH:4
BRF:0
BRH:0
end_of_record
TN:
SF:src\routes\cache.js
FN:10,(anonymous_0)
FN:24,(anonymous_1)
FN:41,(anonymous_2)
FNF:3
FNH:0
FNDA:0,(anonymous_0)
FNDA:0,(anonymous_1)
FNDA:0,(anonymous_2)
DA:1,1
DA:2,1
DA:3,1
DA:10,1
DA:11,0
DA:24,1
DA:25,0
DA:26,0
DA:29,0
DA:30,0
DA:31,0
DA:32,0
DA:34,0
DA:41,1
DA:42,0
DA:44,0
DA:51,0
DA:52,0
DA:53,0
DA:56,0
DA:57,0
DA:60,1
LF:22
LH:7
BRDA:25,0,0,0
BRDA:25,0,1,0
BRDA:52,1,0,0
BRDA:52,1,1,0
BRF:4
BRH:0
end_of_record
TN:
SF:src\routes\coins.js
FN:10,(anonymous_0)
FN:48,(anonymous_1)
FN:81,(anonymous_2)
FN:112,(anonymous_3)
FN:127,(anonymous_4)
FN:147,(anonymous_5)
FN:153,(anonymous_6)
FN:159,(anonymous_7)
FN:165,(anonymous_8)
FN:184,(anonymous_9)
FN:274,getGeckoId
FN:281,(anonymous_11)
FN:287,(anonymous_12)
FN:294,(anonymous_13)
FN:332,(anonymous_14)
FNF:15
FNH:10
FNDA:2,(anonymous_0)
FNDA:1,(anonymous_1)
FNDA:8,(anonymous_2)
FNDA:12,(anonymous_3)
FNDA:12,(anonymous_4)
FNDA:2,(anonymous_5)
FNDA:2,(anonymous_6)
FNDA:2,(anonymous_7)
FNDA:5,(anonymous_8)
FNDA:2,(anonymous_9)
FNDA:0,getGeckoId
FNDA:0,(anonymous_11)
FNDA:0,(anonymous_12)
FNDA:0,(anonymous_13)
FNDA:0,(anonymous_14)
DA:1,2
DA:2,2
DA:3,2
DA:4,2
DA:6,2
DA:10,2
DA:11,2
DA:12,2
DA:13,2
DA:14,2
DA:15,0
DA:16,0
DA:19,2
DA:36,1
DA:37,1
DA:38,1
DA:40,1
DA:48,2
DA:49,1
DA:50,1
DA:51,1
DA:52,1
DA:53,1
DA:54,0
DA:55,0
DA:58,1
DA:69,1
DA:70,1
DA:71,1
DA:73,0
DA:81,2
DA:82,8
DA:83,8
DA:84,8
DA:85,8
DA:88,8
DA:89,8
DA:91,8
DA:92,1
DA:94,7
DA:96,7
DA:112,12
DA:114,6
DA:125,6
DA:127,12
DA:140,6
DA:144,7
DA:146,7
DA:147,1
DA:148,2
DA:152,7
DA:153,1
DA:154,2
DA:158,7
DA:159,1
DA:160,2
DA:164,7
DA:165,7
DA:166,5
DA:167,4
DA:172,7
DA:173,7
DA:176,1
DA:184,2
DA:185,2
DA:186,2
DA:187,2
DA:188,2
DA:190,2
DA:191,0
DA:192,0
DA:193,0
DA:197,2
DA:209,1
DA:220,1
DA:221,1
DA:224,1
DA:239,1
DA:240,1
DA:241,1
DA:242,1
DA:244,1
DA:253,2
DA:272,2
DA:275,0
DA:276,0
DA:277,0
DA:279,0
DA:282,0
DA:283,0
DA:287,0
DA:288,0
DA:290,0
DA:294,2
DA:295,0
DA:296,0
DA:297,0
DA:298,0
DA:300,0
DA:301,0
DA:302,0
DA:303,0
DA:304,0
DA:307,0
DA:317,0
DA:318,0
DA:319,0
DA:322,0
DA:323,0
DA:324,0
DA:327,0
DA:332,0
DA:337,0
DA:340,0
DA:341,0
DA:343,0
DA:344,0
DA:345,0
DA:347,0
DA:355,2
LF:120
LH:78
BRDA:14,0,0,0
BRDA:14,0,1,2
BRDA:53,1,0,0
BRDA:53,1,1,1
BRDA:83,2,0,8
BRDA:83,2,1,5
BRDA:84,3,0,8
BRDA:84,3,1,7
BRDA:85,4,0,8
BRDA:85,4,1,7
BRDA:91,5,0,1
BRDA:91,5,1,7
BRDA:135,6,0,12
BRDA:135,6,1,0
BRDA:136,7,0,12
BRDA:136,7,1,12
BRDA:146,8,0,1
BRDA:146,8,1,6
BRDA:152,9,0,1
BRDA:152,9,1,6
BRDA:158,10,0,1
BRDA:158,10,1,6
BRDA:160,11,0,2
BRDA:160,11,1,1
BRDA:164,12,0,7
BRDA:164,12,1,0
BRDA:164,13,0,7
BRDA:164,13,1,7
BRDA:166,14,0,1
BRDA:166,14,1,4
BRDA:190,15,0,0
BRDA:190,15,1,2
BRDA:230,16,0,1
BRDA:230,16,1,0
BRDA:276,17,0,0
BRDA:276,17,1,0
BRDA:288,18,0,0
BRDA:288,18,1,0
BRDA:297,19,0,0
BRDA:297,19,1,0
BRDA:301,20,0,0
BRDA:301,20,1,0
BRDA:318,21,0,0
BRDA:318,21,1,0
BRDA:323,22,0,0
BRDA:323,22,1,0
BRDA:341,23,0,0
BRDA:341,23,1,0
BRDA:344,24,0,0
BRDA:344,24,1,0
BRF:50
BRH:28
end_of_record
TN:
SF:src\routes\news.js
FN:14,(anonymous_0)
FN:29,(anonymous_1)
FN:51,(anonymous_2)
FNF:3
FNH:3
FNDA:4,(anonymous_0)
FNDA:2,(anonymous_1)
FNDA:1,(anonymous_2)
DA:1,2
DA:2,2
DA:3,2
DA:4,2
DA:14,2
DA:15,4
DA:16,4
DA:19,4
DA:20,4
DA:21,4
DA:22,0
DA:23,0
DA:24,0
DA:27,4
DA:28,4
DA:29,2
DA:32,4
DA:39,4
DA:40,1
DA:42,3
DA:45,4
DA:47,3
DA:48,1
DA:51,2
DA:52,1
DA:53,1
DA:54,1
DA:57,1
DA:67,2
DA:68,2
DA:69,2
DA:70,2
DA:72,1
DA:73,1
DA:80,2
LF:35
LH:32
BRDA:19,0,0,4
BRDA:19,0,1,3
BRDA:19,1,0,4
BRDA:19,1,1,4
BRDA:19,2,0,4
BRDA:19,2,1,4
BRDA:21,3,0,0
BRDA:21,3,1,4
BRDA:28,4,0,1
BRDA:28,4,1,3
BRDA:34,5,0,4
BRDA:34,5,1,4
BRDA:39,6,0,1
BRDA:39,6,1,3
BRDA:42,7,0,3
BRDA:42,7,1,3
BRDA:47,8,0,1
BRDA:47,8,1,2
BRDA:47,9,0,3
BRDA:47,9,1,3
BRDA:53,10,0,1
BRDA:53,10,1,0
BRDA:53,11,0,1
BRDA:53,11,1,1
BRDA:72,12,0,1
BRDA:72,12,1,1
BRF:26
BRH:24
end_of_record
TN:
SF:src\routes\portfolio.js
FN:8,(anonymous_0)
FN:21,(anonymous_1)
FN:39,(anonymous_2)
FN:69,(anonymous_3)
FN:83,(anonymous_4)
FN:98,(anonymous_5)
FN:110,(anonymous_6)
FN:120,(anonymous_7)
FN:131,(anonymous_8)
FNF:9
FNH:9
FNDA:3,(anonymous_0)
FNDA:4,(anonymous_1)
FNDA:1,(anonymous_2)
FNDA:6,(anonymous_3)
FNDA:3,(anonymous_4)
FNDA:1,(anonymous_5)
FNDA:2,(anonymous_6)
FNDA:1,(anonymous_7)
FNDA:2,(anonymous_8)
DA:1,2
DA:2,2
DA:4,2
DA:5,2
DA:8,2
DA:9,3
DA:10,3
DA:11,2
DA:12,1
DA:14,1
DA:16,1
DA:21,2
DA:22,4
DA:24,4
DA:25,1
DA:28,3
DA:29,3
DA:30,3
DA:31,3
DA:33,3
DA:34,3
DA:35,1
DA:38,2
DA:39,1
DA:42,2
DA:44,1
DA:47,1
DA:49,1
DA:50,1
DA:52,1
DA:60,2
DA:61,2
DA:63,0
DA:64,0
DA:69,2
DA:70,6
DA:72,6
DA:73,1
DA:76,5
DA:77,5
DA:78,5
DA:79,1
DA:82,4
DA:83,3
DA:86,4
DA:87,1
DA:90,3
DA:91,1
DA:94,2
DA:96,2
DA:97,1
DA:98,1
DA:102,2
DA:103,2
DA:105,0
DA:110,2
DA:111,2
DA:113,2
DA:114,2
DA:115,2
DA:116,1
DA:119,1
DA:120,1
DA:123,1
DA:124,1
DA:126,0
DA:131,2
DA:132,2
DA:133,2
DA:134,2
DA:135,1
DA:138,1
DA:139,1
DA:140,1
DA:142,0
DA:146,2
LF:76
LH:71
BRDA:11,0,0,1
BRDA:11,0,1,1
BRDA:24,1,0,1
BRDA:24,1,1,3
BRDA:24,2,0,4
BRDA:24,2,1,4
BRDA:24,2,2,3
BRDA:24,2,3,3
BRDA:34,3,0,1
BRDA:34,3,1,2
BRDA:42,4,0,1
BRDA:42,4,1,1
BRDA:72,5,0,1
BRDA:72,5,1,5
BRDA:72,6,0,6
BRDA:72,6,1,6
BRDA:78,7,0,1
BRDA:78,7,1,4
BRDA:86,8,0,1
BRDA:86,8,1,3
BRDA:90,9,0,1
BRDA:90,9,1,2
BRDA:96,10,0,1
BRDA:96,10,1,1
BRDA:115,11,0,1
BRDA:115,11,1,1
BRDA:134,12,0,1
BRDA:134,12,1,1
BRF:28
BRH:28
end_of_record
TN:
SF:src\services\cacheService.js
FN:13,(anonymous_0)
FN:33,(anonymous_1)
FN:45,(anonymous_2)
FN:74,(anonymous_3)
FN:99,(anonymous_4)
FN:108,(anonymous_5)
FN:124,(anonymous_6)
FN:134,(anonymous_7)
FN:151,(anonymous_8)
FN:166,(anonymous_9)
FN:167,(anonymous_10)
FN:180,(anonymous_11)
FN:197,(anonymous_12)
FN:206,(anonymous_13)
FN:216,(anonymous_14)
FNF:15
FNH:4
FNDA:12,(anonymous_0)
FNDA:0,(anonymous_1)
FNDA:17,(anonymous_2)
FNDA:11,(anonymous_3)
FNDA:0,(anonymous_4)
FNDA:0,(anonymous_5)
FNDA:17,(anonymous_6)
FNDA:0,(anonymous_7)
FNDA:0,(anonymous_8)
FNDA:0,(anonymous_9)
FNDA:0,(anonymous_10)
FNDA:0,(anonymous_11)
FNDA:0,(anonymous_12)
FNDA:0,(anonymous_13)
FNDA:0,(anonymous_14)
DA:15,12
DA:18,12
DA:21,12
DA:24,12
DA:33,12
DA:35,12
DA:36,12
DA:46,17
DA:48,17
DA:49,16
DA:50,16
DA:54,1
DA:55,0
DA:56,0
DA:57,0
DA:61,1
DA:62,1
DA:64,1
DA:65,1
DA:75,11
DA:78,11
DA:79,0
DA:83,11
DA:85,11
DA:91,11
DA:100,0
DA:109,0
DA:110,0
DA:111,0
DA:112,0
DA:113,0
DA:114,0
DA:117,0
DA:118,0
DA:125,17
DA:126,17
DA:127,17
DA:135,0
DA:136,0
DA:152,0
DA:153,0
DA:155,0
DA:156,0
DA:157,0
DA:167,0
DA:168,0
DA:169,0
DA:171,0
DA:173,0
DA:174,0
DA:175,0
DA:179,0
DA:180,0
DA:182,0
DA:183,0
DA:185,0
DA:186,0
DA:187,0
DA:190,0
DA:198,0
DA:199,0
DA:200,0
DA:201,0
DA:207,0
DA:208,0
DA:209,0
DA:210,0
DA:217,0
DA:218,0
DA:225,3
DA:231,3
DA:237,3
DA:243,3
DA:248,3
LF:74
LH:29
BRDA:13,0,0,0
BRDA:18,1,0,12
BRDA:18,1,1,0
BRDA:21,2,0,12
BRDA:21,2,1,0
BRDA:35,3,0,12
BRDA:35,3,1,0
BRDA:48,4,0,16
BRDA:48,4,1,1
BRDA:54,5,0,0
BRDA:54,5,1,1
BRDA:75,6,0,11
BRDA:75,6,1,0
BRDA:78,7,0,0
BRDA:78,7,1,11
BRDA:78,8,0,11
BRDA:78,8,1,11
BRDA:109,9,0,0
BRDA:109,9,1,0
BRDA:112,10,0,0
BRDA:112,10,1,0
BRDA:140,11,0,0
BRDA:140,11,1,0
BRDA:153,12,0,0
BRDA:153,12,1,0
BRDA:168,13,0,0
BRDA:168,13,1,0
BRDA:171,14,0,0
BRDA:171,14,1,0
BRDA:182,15,0,0
BRDA:182,15,1,0
BRDA:182,16,0,0
BRDA:182,16,1,0
BRDA:199,17,0,0
BRDA:199,17,1,0
BRDA:209,18,0,0
BRDA:209,18,1,0
BRF:37
BRH:10
end_of_record
